#
# A fatal error has been detected by the Java Runtime Environment:
#
#  Internal Error (generateOopMap.cpp:2164), pid=11271, tid=12547
#  fatal error: Illegal class file encountered. Try running with -Xverify:all in method minPath
#
# JRE version: Java(TM) SE Runtime Environment (11.0.1+13) (build 11.0.1+13-LTS)
# Java VM: Java HotSpot(TM) 64-Bit Server VM (11.0.1+13-LTS, mixed mode, tiered, compressed oops, g1 gc, bsd-amd64)
# No core dump will be written. Core dumps have been disabled. To enable core dumping, try "ulimit -c unlimited" before starting Java again
#
# If you would like to submit a bug report, please visit:
#   http://bugreport.java.com/bugreport/crash.jsp
#

---------------  S U M M A R Y ------------

Command Line: -agentlib:jdwp=transport=dt_socket,suspend=y,address=localhost:58867 -javaagent:/Users/komal/eclipse/java-2018-12/Eclipse.app/Contents/Eclipse/configuration/org.eclipse.osgi/215/0/.cp/lib/javaagent-shaded.jar -Dfile.encoding=UTF-8 leetcode.MinDist2Type2Fingers

Host: MacBook10,1 x86_64 1300 MHz, 4 cores, 8G, Darwin 18.6.0
Time: Mon Jan 13 15:34:52 2020 PST elapsed time: 223 seconds (0d 0h 3m 43s)

---------------  T H R E A D  ---------------

Current thread (0x00007ffc72058000):  VMThread "VM Thread" [stack: 0x0000700006e2b000,0x0000700006f2b000] [id=12547]

Stack: [0x0000700006e2b000,0x0000700006f2b000],  sp=0x0000700006f29eb0,  free space=1019k
Native frames: (J=compiled Java code, A=aot compiled Java code, j=interpreted, Vv=VM code, C=native code)
V  [libjvm.dylib+0x751731]  VMError::report_and_die(int, char const*, char const*, __va_list_tag*, Thread*, unsigned char*, void*, void*, char const*, int, unsigned long)+0x5d1
V  [libjvm.dylib+0x751dbb]  VMError::report_and_die(Thread*, void*, char const*, int, char const*, char const*, __va_list_tag*)+0x47
V  [libjvm.dylib+0x2734c1]  report_fatal(char const*, int, char const*, ...)+0xb5
V  [libjvm.dylib+0x35be64]  GenerateOopMap::error_work(char const*, __va_list_tag*)+0xe8
V  [libjvm.dylib+0x358e80]  GenerateOopMap::report_error(char const*, ...)+0x7c
V  [libjvm.dylib+0x35aea9]  GenerateOopMap::ppload(CellTypeState*, int)+0x49
V  [libjvm.dylib+0x359b10]  GenerateOopMap::interp_bb(BasicBlock*)+0xe4
V  [libjvm.dylib+0x359828]  GenerateOopMap::interp_all()+0x3c
V  [libjvm.dylib+0x3594d9]  GenerateOopMap::do_interpretation()+0x4b
V  [libjvm.dylib+0x35bc93]  GenerateOopMap::compute_map(Thread*)+0x165
V  [libjvm.dylib+0x5f736e]  OopMapForCacheEntry::compute_map(Thread*)+0x54
V  [libjvm.dylib+0x5f7b44]  OopMapCacheEntry::fill(methodHandle const&, int)+0xac
V  [libjvm.dylib+0x5f846d]  OopMapCache::compute_one_oop_map(methodHandle const&, int, InterpreterOopMap*)+0x5d
V  [libjvm.dylib+0x5bd03e]  Method::mask_for(int, InterpreterOopMap*)+0x7e
V  [libjvm.dylib+0x4cfa30]  VM_GetOrSetLocal::doit()+0x48
V  [libjvm.dylib+0x75ac69]  VM_Operation::evaluate()+0xd5
V  [libjvm.dylib+0x75a280]  VMThread::evaluate_operation(VM_Operation*)+0x13a
V  [libjvm.dylib+0x759ccd]  VMThread::loop()+0xed
V  [libjvm.dylib+0x759af2]  VMThread::run()+0x76
V  [libjvm.dylib+0x600ad3]  thread_native_entry(Thread*)+0x135
C  [libsystem_pthread.dylib+0x32eb]  _pthread_body+0x7e
C  [libsystem_pthread.dylib+0x6249]  _pthread_start+0x42
C  [libsystem_pthread.dylib+0x240d]  thread_start+0xd

VM_Operation (0x00007000077429c0): GetOrSetLocal, mode: safepoint, requested by thread 0x00007ffc710fd000


---------------  P R O C E S S  ---------------

Threads class SMR info:
_java_thread_list=0x00007ffc70771dc0, length=12, elements={
0x00007ffc72003800, 0x00007ffc7180d800, 0x00007ffc70807000, 0x00007ffc70830000,
0x00007ffc71061800, 0x00007ffc70830800, 0x00007ffc71062000, 0x00007ffc710e6000,
0x00007ffc710fd000, 0x00007ffc7082e000, 0x00007ffc710fe000, 0x00007ffc718b1800
}

Java Threads: ( => current thread )
  0x00007ffc72003800 JavaThread "main" [_thread_blocked, id=8963, stack(0x0000700006819000,0x0000700006919000)]
  0x00007ffc7180d800 JavaThread "Reference Handler" daemon [_thread_blocked, id=17667, stack(0x0000700006f2e000,0x000070000702e000)]
  0x00007ffc70807000 JavaThread "Finalizer" daemon [_thread_blocked, id=16899, stack(0x0000700007031000,0x0000700007131000)]
  0x00007ffc70830000 JavaThread "Signal Dispatcher" daemon [_thread_blocked, id=14595, stack(0x0000700007134000,0x0000700007234000)]
  0x00007ffc71061800 JavaThread "C2 CompilerThread0" daemon [_thread_blocked, id=16131, stack(0x0000700007237000,0x0000700007337000)]
  0x00007ffc70830800 JavaThread "C1 CompilerThread0" daemon [_thread_blocked, id=15619, stack(0x000070000733a000,0x000070000743a000)]
  0x00007ffc71062000 JavaThread "Sweeper thread" daemon [_thread_blocked, id=43011, stack(0x000070000743d000,0x000070000753d000)]
  0x00007ffc710e6000 JavaThread "Common-Cleaner" daemon [_thread_blocked, id=42243, stack(0x0000700007540000,0x0000700007640000)]
  0x00007ffc710fd000 JavaThread "JDWP Transport Listener: dt_socket" daemon [_thread_blocked, id=41731, stack(0x0000700007643000,0x0000700007743000)] _threads_hazard_ptr=0x00007ffc70771dc0
  0x00007ffc7082e000 JavaThread "JDWP Event Helper Thread" daemon [_thread_blocked, id=41475, stack(0x0000700007746000,0x0000700007846000)]
  0x00007ffc710fe000 JavaThread "JDWP Command Reader" daemon [_thread_in_native, id=40963, stack(0x0000700007849000,0x0000700007949000)]
  0x00007ffc718b1800 JavaThread "Service Thread" daemon [_thread_blocked, id=23043, stack(0x000070000794c000,0x0000700007a4c000)]

Other Threads:
=>0x00007ffc72058000 VMThread "VM Thread" [stack: 0x0000700006e2b000,0x0000700006f2b000] [id=12547]
  0x00007ffc710fe800 WatcherThread [stack: 0x0000700007a4f000,0x0000700007b4f000] [id=23555]
  0x00007ffc7100f000 GCTaskThread "GC Thread#0" [stack: 0x000070000691c000,0x0000700006a1c000] [id=11523]
  0x00007ffc71030000 ConcurrentGCThread "G1 Main Marker" [stack: 0x0000700006a1f000,0x0000700006b1f000] [id=11779]
  0x00007ffc71030800 ConcurrentGCThread "G1 Conc#0" [stack: 0x0000700006b22000,0x0000700006c22000] [id=19459]
  0x00007ffc7204f000 ConcurrentGCThread "G1 Refine#0" [stack: 0x0000700006c25000,0x0000700006d25000] [id=19203]
  0x00007ffc72050000 ConcurrentGCThread "G1 Young RemSet Sampling" [stack: 0x0000700006d28000,0x0000700006e28000] [id=18691]

Threads with active compile tasks:

VM state:at safepoint (normal execution)

VM Mutex/Monitor currently owned by a thread:  ([mutex/lock_event])
[0x00007ffc70703e30] Threads_lock - owner thread: 0x00007ffc72058000

Heap address: 0x0000000780000000, size: 2048 MB, Compressed Oops mode: Zero based, Oop shift amount: 3
Narrow klass base: 0x0000000800000000, Narrow klass shift: 0
Compressed class space size: 1073741824 Address: 0x0000000800000000

Heap:
 garbage-first heap   total 131072K, used 4096K [0x0000000780000000, 0x0000000800000000)
  region size 1024K, 5 young (5120K), 0 survivors (0K)
 Metaspace       used 8776K, capacity 8867K, committed 9088K, reserved 1056768K
  class space    used 763K, capacity 802K, committed 896K, reserved 1048576K
Heap Regions: E=young(eden), S=young(survivor), O=old, HS=humongous(starts), HC=humongous(continues), CS=collection set, F=free, A=archive, TAMS=top-at-mark-start (previous, next)
|   0|0x0000000780000000, 0x0000000780000000, 0x0000000780100000|  0%| F|  |TAMS 0x0000000780000000, 0x0000000780000000| Untracked 
|   1|0x0000000780100000, 0x0000000780100000, 0x0000000780200000|  0%| F|  |TAMS 0x0000000780100000, 0x0000000780100000| Untracked 
|   2|0x0000000780200000, 0x0000000780200000, 0x0000000780300000|  0%| F|  |TAMS 0x0000000780200000, 0x0000000780200000| Untracked 
|   3|0x0000000780300000, 0x0000000780300000, 0x0000000780400000|  0%| F|  |TAMS 0x0000000780300000, 0x0000000780300000| Untracked 
|   4|0x0000000780400000, 0x0000000780400000, 0x0000000780500000|  0%| F|  |TAMS 0x0000000780400000, 0x0000000780400000| Untracked 
|   5|0x0000000780500000, 0x0000000780500000, 0x0000000780600000|  0%| F|  |TAMS 0x0000000780500000, 0x0000000780500000| Untracked 
|   6|0x0000000780600000, 0x0000000780600000, 0x0000000780700000|  0%| F|  |TAMS 0x0000000780600000, 0x0000000780600000| Untracked 
|   7|0x0000000780700000, 0x0000000780700000, 0x0000000780800000|  0%| F|  |TAMS 0x0000000780700000, 0x0000000780700000| Untracked 
|   8|0x0000000780800000, 0x0000000780800000, 0x0000000780900000|  0%| F|  |TAMS 0x0000000780800000, 0x0000000780800000| Untracked 
|   9|0x0000000780900000, 0x0000000780900000, 0x0000000780a00000|  0%| F|  |TAMS 0x0000000780900000, 0x0000000780900000| Untracked 
|  10|0x0000000780a00000, 0x0000000780a00000, 0x0000000780b00000|  0%| F|  |TAMS 0x0000000780a00000, 0x0000000780a00000| Untracked 
|  11|0x0000000780b00000, 0x0000000780b00000, 0x0000000780c00000|  0%| F|  |TAMS 0x0000000780b00000, 0x0000000780b00000| Untracked 
|  12|0x0000000780c00000, 0x0000000780c00000, 0x0000000780d00000|  0%| F|  |TAMS 0x0000000780c00000, 0x0000000780c00000| Untracked 
|  13|0x0000000780d00000, 0x0000000780d00000, 0x0000000780e00000|  0%| F|  |TAMS 0x0000000780d00000, 0x0000000780d00000| Untracked 
|  14|0x0000000780e00000, 0x0000000780e00000, 0x0000000780f00000|  0%| F|  |TAMS 0x0000000780e00000, 0x0000000780e00000| Untracked 
|  15|0x0000000780f00000, 0x0000000780f00000, 0x0000000781000000|  0%| F|  |TAMS 0x0000000780f00000, 0x0000000780f00000| Untracked 
|  16|0x0000000781000000, 0x0000000781000000, 0x0000000781100000|  0%| F|  |TAMS 0x0000000781000000, 0x0000000781000000| Untracked 
|  17|0x0000000781100000, 0x0000000781100000, 0x0000000781200000|  0%| F|  |TAMS 0x0000000781100000, 0x0000000781100000| Untracked 
|  18|0x0000000781200000, 0x0000000781200000, 0x0000000781300000|  0%| F|  |TAMS 0x0000000781200000, 0x0000000781200000| Untracked 
|  19|0x0000000781300000, 0x0000000781300000, 0x0000000781400000|  0%| F|  |TAMS 0x0000000781300000, 0x0000000781300000| Untracked 
|  20|0x0000000781400000, 0x0000000781400000, 0x0000000781500000|  0%| F|  |TAMS 0x0000000781400000, 0x0000000781400000| Untracked 
|  21|0x0000000781500000, 0x0000000781500000, 0x0000000781600000|  0%| F|  |TAMS 0x0000000781500000, 0x0000000781500000| Untracked 
|  22|0x0000000781600000, 0x0000000781600000, 0x0000000781700000|  0%| F|  |TAMS 0x0000000781600000, 0x0000000781600000| Untracked 
|  23|0x0000000781700000, 0x0000000781700000, 0x0000000781800000|  0%| F|  |TAMS 0x0000000781700000, 0x0000000781700000| Untracked 
|  24|0x0000000781800000, 0x0000000781800000, 0x0000000781900000|  0%| F|  |TAMS 0x0000000781800000, 0x0000000781800000| Untracked 
|  25|0x0000000781900000, 0x0000000781900000, 0x0000000781a00000|  0%| F|  |TAMS 0x0000000781900000, 0x0000000781900000| Untracked 
|  26|0x0000000781a00000, 0x0000000781a00000, 0x0000000781b00000|  0%| F|  |TAMS 0x0000000781a00000, 0x0000000781a00000| Untracked 
|  27|0x0000000781b00000, 0x0000000781b00000, 0x0000000781c00000|  0%| F|  |TAMS 0x0000000781b00000, 0x0000000781b00000| Untracked 
|  28|0x0000000781c00000, 0x0000000781c00000, 0x0000000781d00000|  0%| F|  |TAMS 0x0000000781c00000, 0x0000000781c00000| Untracked 
|  29|0x0000000781d00000, 0x0000000781d00000, 0x0000000781e00000|  0%| F|  |TAMS 0x0000000781d00000, 0x0000000781d00000| Untracked 
|  30|0x0000000781e00000, 0x0000000781e00000, 0x0000000781f00000|  0%| F|  |TAMS 0x0000000781e00000, 0x0000000781e00000| Untracked 
|  31|0x0000000781f00000, 0x0000000781f00000, 0x0000000782000000|  0%| F|  |TAMS 0x0000000781f00000, 0x0000000781f00000| Untracked 
|  32|0x0000000782000000, 0x0000000782000000, 0x0000000782100000|  0%| F|  |TAMS 0x0000000782000000, 0x0000000782000000| Untracked 
|  33|0x0000000782100000, 0x0000000782100000, 0x0000000782200000|  0%| F|  |TAMS 0x0000000782100000, 0x0000000782100000| Untracked 
|  34|0x0000000782200000, 0x0000000782200000, 0x0000000782300000|  0%| F|  |TAMS 0x0000000782200000, 0x0000000782200000| Untracked 
|  35|0x0000000782300000, 0x0000000782300000, 0x0000000782400000|  0%| F|  |TAMS 0x0000000782300000, 0x0000000782300000| Untracked 
|  36|0x0000000782400000, 0x0000000782400000, 0x0000000782500000|  0%| F|  |TAMS 0x0000000782400000, 0x0000000782400000| Untracked 
|  37|0x0000000782500000, 0x0000000782500000, 0x0000000782600000|  0%| F|  |TAMS 0x0000000782500000, 0x0000000782500000| Untracked 
|  38|0x0000000782600000, 0x0000000782600000, 0x0000000782700000|  0%| F|  |TAMS 0x0000000782600000, 0x0000000782600000| Untracked 
|  39|0x0000000782700000, 0x0000000782700000, 0x0000000782800000|  0%| F|  |TAMS 0x0000000782700000, 0x0000000782700000| Untracked 
|  40|0x0000000782800000, 0x0000000782800000, 0x0000000782900000|  0%| F|  |TAMS 0x0000000782800000, 0x0000000782800000| Untracked 
|  41|0x0000000782900000, 0x0000000782900000, 0x0000000782a00000|  0%| F|  |TAMS 0x0000000782900000, 0x0000000782900000| Untracked 
|  42|0x0000000782a00000, 0x0000000782a00000, 0x0000000782b00000|  0%| F|  |TAMS 0x0000000782a00000, 0x0000000782a00000| Untracked 
|  43|0x0000000782b00000, 0x0000000782b00000, 0x0000000782c00000|  0%| F|  |TAMS 0x0000000782b00000, 0x0000000782b00000| Untracked 
|  44|0x0000000782c00000, 0x0000000782c00000, 0x0000000782d00000|  0%| F|  |TAMS 0x0000000782c00000, 0x0000000782c00000| Untracked 
|  45|0x0000000782d00000, 0x0000000782d00000, 0x0000000782e00000|  0%| F|  |TAMS 0x0000000782d00000, 0x0000000782d00000| Untracked 
|  46|0x0000000782e00000, 0x0000000782e00000, 0x0000000782f00000|  0%| F|  |TAMS 0x0000000782e00000, 0x0000000782e00000| Untracked 
|  47|0x0000000782f00000, 0x0000000782f00000, 0x0000000783000000|  0%| F|  |TAMS 0x0000000782f00000, 0x0000000782f00000| Untracked 
|  48|0x0000000783000000, 0x0000000783000000, 0x0000000783100000|  0%| F|  |TAMS 0x0000000783000000, 0x0000000783000000| Untracked 
|  49|0x0000000783100000, 0x0000000783100000, 0x0000000783200000|  0%| F|  |TAMS 0x0000000783100000, 0x0000000783100000| Untracked 
|  50|0x0000000783200000, 0x0000000783200000, 0x0000000783300000|  0%| F|  |TAMS 0x0000000783200000, 0x0000000783200000| Untracked 
|  51|0x0000000783300000, 0x0000000783300000, 0x0000000783400000|  0%| F|  |TAMS 0x0000000783300000, 0x0000000783300000| Untracked 
|  52|0x0000000783400000, 0x0000000783400000, 0x0000000783500000|  0%| F|  |TAMS 0x0000000783400000, 0x0000000783400000| Untracked 
|  53|0x0000000783500000, 0x0000000783500000, 0x0000000783600000|  0%| F|  |TAMS 0x0000000783500000, 0x0000000783500000| Untracked 
|  54|0x0000000783600000, 0x0000000783600000, 0x0000000783700000|  0%| F|  |TAMS 0x0000000783600000, 0x0000000783600000| Untracked 
|  55|0x0000000783700000, 0x0000000783700000, 0x0000000783800000|  0%| F|  |TAMS 0x0000000783700000, 0x0000000783700000| Untracked 
|  56|0x0000000783800000, 0x0000000783800000, 0x0000000783900000|  0%| F|  |TAMS 0x0000000783800000, 0x0000000783800000| Untracked 
|  57|0x0000000783900000, 0x0000000783900000, 0x0000000783a00000|  0%| F|  |TAMS 0x0000000783900000, 0x0000000783900000| Untracked 
|  58|0x0000000783a00000, 0x0000000783a00000, 0x0000000783b00000|  0%| F|  |TAMS 0x0000000783a00000, 0x0000000783a00000| Untracked 
|  59|0x0000000783b00000, 0x0000000783b00000, 0x0000000783c00000|  0%| F|  |TAMS 0x0000000783b00000, 0x0000000783b00000| Untracked 
|  60|0x0000000783c00000, 0x0000000783c00000, 0x0000000783d00000|  0%| F|  |TAMS 0x0000000783c00000, 0x0000000783c00000| Untracked 
|  61|0x0000000783d00000, 0x0000000783d00000, 0x0000000783e00000|  0%| F|  |TAMS 0x0000000783d00000, 0x0000000783d00000| Untracked 
|  62|0x0000000783e00000, 0x0000000783e00000, 0x0000000783f00000|  0%| F|  |TAMS 0x0000000783e00000, 0x0000000783e00000| Untracked 
|  63|0x0000000783f00000, 0x0000000783f00000, 0x0000000784000000|  0%| F|  |TAMS 0x0000000783f00000, 0x0000000783f00000| Untracked 
|  64|0x0000000784000000, 0x0000000784000000, 0x0000000784100000|  0%| F|  |TAMS 0x0000000784000000, 0x0000000784000000| Untracked 
|  65|0x0000000784100000, 0x0000000784100000, 0x0000000784200000|  0%| F|  |TAMS 0x0000000784100000, 0x0000000784100000| Untracked 
|  66|0x0000000784200000, 0x0000000784200000, 0x0000000784300000|  0%| F|  |TAMS 0x0000000784200000, 0x0000000784200000| Untracked 
|  67|0x0000000784300000, 0x0000000784300000, 0x0000000784400000|  0%| F|  |TAMS 0x0000000784300000, 0x0000000784300000| Untracked 
|  68|0x0000000784400000, 0x0000000784400000, 0x0000000784500000|  0%| F|  |TAMS 0x0000000784400000, 0x0000000784400000| Untracked 
|  69|0x0000000784500000, 0x0000000784500000, 0x0000000784600000|  0%| F|  |TAMS 0x0000000784500000, 0x0000000784500000| Untracked 
|  70|0x0000000784600000, 0x0000000784600000, 0x0000000784700000|  0%| F|  |TAMS 0x0000000784600000, 0x0000000784600000| Untracked 
|  71|0x0000000784700000, 0x0000000784700000, 0x0000000784800000|  0%| F|  |TAMS 0x0000000784700000, 0x0000000784700000| Untracked 
|  72|0x0000000784800000, 0x0000000784800000, 0x0000000784900000|  0%| F|  |TAMS 0x0000000784800000, 0x0000000784800000| Untracked 
|  73|0x0000000784900000, 0x0000000784900000, 0x0000000784a00000|  0%| F|  |TAMS 0x0000000784900000, 0x0000000784900000| Untracked 
|  74|0x0000000784a00000, 0x0000000784a00000, 0x0000000784b00000|  0%| F|  |TAMS 0x0000000784a00000, 0x0000000784a00000| Untracked 
|  75|0x0000000784b00000, 0x0000000784b00000, 0x0000000784c00000|  0%| F|  |TAMS 0x0000000784b00000, 0x0000000784b00000| Untracked 
|  76|0x0000000784c00000, 0x0000000784c00000, 0x0000000784d00000|  0%| F|  |TAMS 0x0000000784c00000, 0x0000000784c00000| Untracked 
|  77|0x0000000784d00000, 0x0000000784d00000, 0x0000000784e00000|  0%| F|  |TAMS 0x0000000784d00000, 0x0000000784d00000| Untracked 
|  78|0x0000000784e00000, 0x0000000784e00000, 0x0000000784f00000|  0%| F|  |TAMS 0x0000000784e00000, 0x0000000784e00000| Untracked 
|  79|0x0000000784f00000, 0x0000000784f00000, 0x0000000785000000|  0%| F|  |TAMS 0x0000000784f00000, 0x0000000784f00000| Untracked 
|  80|0x0000000785000000, 0x0000000785000000, 0x0000000785100000|  0%| F|  |TAMS 0x0000000785000000, 0x0000000785000000| Untracked 
|  81|0x0000000785100000, 0x0000000785100000, 0x0000000785200000|  0%| F|  |TAMS 0x0000000785100000, 0x0000000785100000| Untracked 
|  82|0x0000000785200000, 0x0000000785200000, 0x0000000785300000|  0%| F|  |TAMS 0x0000000785200000, 0x0000000785200000| Untracked 
|  83|0x0000000785300000, 0x0000000785300000, 0x0000000785400000|  0%| F|  |TAMS 0x0000000785300000, 0x0000000785300000| Untracked 
|  84|0x0000000785400000, 0x0000000785400000, 0x0000000785500000|  0%| F|  |TAMS 0x0000000785400000, 0x0000000785400000| Untracked 
|  85|0x0000000785500000, 0x0000000785500000, 0x0000000785600000|  0%| F|  |TAMS 0x0000000785500000, 0x0000000785500000| Untracked 
|  86|0x0000000785600000, 0x0000000785600000, 0x0000000785700000|  0%| F|  |TAMS 0x0000000785600000, 0x0000000785600000| Untracked 
|  87|0x0000000785700000, 0x0000000785700000, 0x0000000785800000|  0%| F|  |TAMS 0x0000000785700000, 0x0000000785700000| Untracked 
|  88|0x0000000785800000, 0x0000000785800000, 0x0000000785900000|  0%| F|  |TAMS 0x0000000785800000, 0x0000000785800000| Untracked 
|  89|0x0000000785900000, 0x0000000785900000, 0x0000000785a00000|  0%| F|  |TAMS 0x0000000785900000, 0x0000000785900000| Untracked 
|  90|0x0000000785a00000, 0x0000000785a00000, 0x0000000785b00000|  0%| F|  |TAMS 0x0000000785a00000, 0x0000000785a00000| Untracked 
|  91|0x0000000785b00000, 0x0000000785b00000, 0x0000000785c00000|  0%| F|  |TAMS 0x0000000785b00000, 0x0000000785b00000| Untracked 
|  92|0x0000000785c00000, 0x0000000785c00000, 0x0000000785d00000|  0%| F|  |TAMS 0x0000000785c00000, 0x0000000785c00000| Untracked 
|  93|0x0000000785d00000, 0x0000000785d00000, 0x0000000785e00000|  0%| F|  |TAMS 0x0000000785d00000, 0x0000000785d00000| Untracked 
|  94|0x0000000785e00000, 0x0000000785e00000, 0x0000000785f00000|  0%| F|  |TAMS 0x0000000785e00000, 0x0000000785e00000| Untracked 
|  95|0x0000000785f00000, 0x0000000785f00000, 0x0000000786000000|  0%| F|  |TAMS 0x0000000785f00000, 0x0000000785f00000| Untracked 
|  96|0x0000000786000000, 0x0000000786000000, 0x0000000786100000|  0%| F|  |TAMS 0x0000000786000000, 0x0000000786000000| Untracked 
|  97|0x0000000786100000, 0x0000000786100000, 0x0000000786200000|  0%| F|  |TAMS 0x0000000786100000, 0x0000000786100000| Untracked 
|  98|0x0000000786200000, 0x0000000786200000, 0x0000000786300000|  0%| F|  |TAMS 0x0000000786200000, 0x0000000786200000| Untracked 
|  99|0x0000000786300000, 0x0000000786300000, 0x0000000786400000|  0%| F|  |TAMS 0x0000000786300000, 0x0000000786300000| Untracked 
| 100|0x0000000786400000, 0x0000000786400000, 0x0000000786500000|  0%| F|  |TAMS 0x0000000786400000, 0x0000000786400000| Untracked 
| 101|0x0000000786500000, 0x0000000786500000, 0x0000000786600000|  0%| F|  |TAMS 0x0000000786500000, 0x0000000786500000| Untracked 
| 102|0x0000000786600000, 0x0000000786600000, 0x0000000786700000|  0%| F|  |TAMS 0x0000000786600000, 0x0000000786600000| Untracked 
| 103|0x0000000786700000, 0x0000000786700000, 0x0000000786800000|  0%| F|  |TAMS 0x0000000786700000, 0x0000000786700000| Untracked 
| 104|0x0000000786800000, 0x0000000786800000, 0x0000000786900000|  0%| F|  |TAMS 0x0000000786800000, 0x0000000786800000| Untracked 
| 105|0x0000000786900000, 0x0000000786900000, 0x0000000786a00000|  0%| F|  |TAMS 0x0000000786900000, 0x0000000786900000| Untracked 
| 106|0x0000000786a00000, 0x0000000786a00000, 0x0000000786b00000|  0%| F|  |TAMS 0x0000000786a00000, 0x0000000786a00000| Untracked 
| 107|0x0000000786b00000, 0x0000000786b00000, 0x0000000786c00000|  0%| F|  |TAMS 0x0000000786b00000, 0x0000000786b00000| Untracked 
| 108|0x0000000786c00000, 0x0000000786c00000, 0x0000000786d00000|  0%| F|  |TAMS 0x0000000786c00000, 0x0000000786c00000| Untracked 
| 109|0x0000000786d00000, 0x0000000786d00000, 0x0000000786e00000|  0%| F|  |TAMS 0x0000000786d00000, 0x0000000786d00000| Untracked 
| 110|0x0000000786e00000, 0x0000000786e00000, 0x0000000786f00000|  0%| F|  |TAMS 0x0000000786e00000, 0x0000000786e00000| Untracked 
| 111|0x0000000786f00000, 0x0000000786f00000, 0x0000000787000000|  0%| F|  |TAMS 0x0000000786f00000, 0x0000000786f00000| Untracked 
| 112|0x0000000787000000, 0x0000000787000000, 0x0000000787100000|  0%| F|  |TAMS 0x0000000787000000, 0x0000000787000000| Untracked 
| 113|0x0000000787100000, 0x0000000787100000, 0x0000000787200000|  0%| F|  |TAMS 0x0000000787100000, 0x0000000787100000| Untracked 
| 114|0x0000000787200000, 0x0000000787200000, 0x0000000787300000|  0%| F|  |TAMS 0x0000000787200000, 0x0000000787200000| Untracked 
| 115|0x0000000787300000, 0x0000000787300000, 0x0000000787400000|  0%| F|  |TAMS 0x0000000787300000, 0x0000000787300000| Untracked 
| 116|0x0000000787400000, 0x0000000787400000, 0x0000000787500000|  0%| F|  |TAMS 0x0000000787400000, 0x0000000787400000| Untracked 
| 117|0x0000000787500000, 0x0000000787500000, 0x0000000787600000|  0%| F|  |TAMS 0x0000000787500000, 0x0000000787500000| Untracked 
| 118|0x0000000787600000, 0x0000000787600000, 0x0000000787700000|  0%| F|  |TAMS 0x0000000787600000, 0x0000000787600000| Untracked 
| 119|0x0000000787700000, 0x0000000787700000, 0x0000000787800000|  0%| F|  |TAMS 0x0000000787700000, 0x0000000787700000| Untracked 
| 120|0x0000000787800000, 0x0000000787800000, 0x0000000787900000|  0%| F|  |TAMS 0x0000000787800000, 0x0000000787800000| Untracked 
| 121|0x0000000787900000, 0x0000000787900000, 0x0000000787a00000|  0%| F|  |TAMS 0x0000000787900000, 0x0000000787900000| Untracked 
| 122|0x0000000787a00000, 0x0000000787a00000, 0x0000000787b00000|  0%| F|  |TAMS 0x0000000787a00000, 0x0000000787a00000| Untracked 
| 123|0x0000000787b00000, 0x0000000787bad578, 0x0000000787c00000| 67%| E|  |TAMS 0x0000000787b00000, 0x0000000787b00000| Complete 
| 124|0x0000000787c00000, 0x0000000787d00000, 0x0000000787d00000|100%| E|CS|TAMS 0x0000000787c00000, 0x0000000787c00000| Complete 
| 125|0x0000000787d00000, 0x0000000787e00000, 0x0000000787e00000|100%| E|CS|TAMS 0x0000000787d00000, 0x0000000787d00000| Complete 
| 126|0x0000000787e00000, 0x0000000787f00000, 0x0000000787f00000|100%| E|CS|TAMS 0x0000000787e00000, 0x0000000787e00000| Complete 
| 127|0x0000000787f00000, 0x0000000788000000, 0x0000000788000000|100%| E|CS|TAMS 0x0000000787f00000, 0x0000000787f00000| Complete 

Card table byte_map: [0x000000010aeef000,0x000000010b2ef000] _byte_map_base: 0x00000001072ef000

Marking Bits (Prev, Next): (CMBitMap*) 0x00007ffc71027418, (CMBitMap*) 0x00007ffc71027450
 Prev Bits: [0x000000010b6ef000, 0x000000010d6ef000)
 Next Bits: [0x000000011dcb7000, 0x000000011fcb7000)

Polling page: 0x0000000101853000

Metaspace:

Usage:
  Non-class:      7.88 MB capacity,     7.83 MB (>99%) used,    45.76 KB ( <1%) free+waste,     6.44 KB ( <1%) overhead. 
      Class:    802.00 KB capacity,   763.73 KB ( 95%) used,    35.83 KB (  4%) free+waste,     2.44 KB ( <1%) overhead. 
       Both:      8.66 MB capacity,     8.57 MB ( 99%) used,    81.59 KB ( <1%) free+waste,     8.88 KB ( <1%) overhead. 

Virtual space:
  Non-class space:        8.00 MB reserved,       8.00 MB (100%) committed 
      Class space:        1.00 GB reserved,     896.00 KB ( <1%) committed 
             Both:        1.01 GB reserved,       8.88 MB ( <1%) committed 

Chunk freelists:
   Non-Class:  384 bytes
       Class:  3.75 KB
        Both:  4.12 KB

CodeHeap 'non-profiled nmethods': size=120032Kb used=112Kb max_used=112Kb free=119919Kb
 bounds [0x000000011677f000, 0x00000001169ef000, 0x000000011dcb7000]
CodeHeap 'profiled nmethods': size=120032Kb used=542Kb max_used=542Kb free=119489Kb
 bounds [0x000000010f247000, 0x000000010f4b7000, 0x000000011677f000]
CodeHeap 'non-nmethods': size=5696Kb used=1122Kb max_used=1136Kb free=4573Kb
 bounds [0x000000010ecb7000, 0x000000010ef27000, 0x000000010f247000]
 total_blobs=836 nmethods=384 adapters=272
 compilation: enabled
              stopped_count=0, restarted_count=0
 full_count=0

Compilation events (10 events):
Event: 207.201 Thread 0x00007ffc70830800  380       3       java.lang.String::rangeCheck (9 bytes)
Event: 207.201 Thread 0x00007ffc70830800 nmethod 380 0x000000010f2cb910 code [0x000000010f2cbac0, 0x000000010f2cbc48]
Event: 223.349 Thread 0x00007ffc70830800  381       3       org.eclipse.jdt.launching.internal.org.objectweb.asm.ClassReader::createDebugLabel (23 bytes)
Event: 223.349 Thread 0x00007ffc70830800 nmethod 381 0x000000010f2cbd10 code [0x000000010f2cbf00, 0x000000010f2cc490]
Event: 223.349 Thread 0x00007ffc70830800  382       3       org.eclipse.jdt.launching.internal.org.objectweb.asm.MethodWriter::visitVarInsn (302 bytes)
Event: 223.351 Thread 0x00007ffc70830800 nmethod 382 0x000000010f2cc690 code [0x000000010f2cc900, 0x000000010f2cd368]
Event: 223.351 Thread 0x00007ffc70830800  383       3       org.eclipse.jdt.launching.internal.org.objectweb.asm.MethodWriter::visitMethodInsn (191 bytes)
Event: 223.352 Thread 0x00007ffc70830800 nmethod 383 0x000000010f2cd610 code [0x000000010f2cd860, 0x000000010f2ce1c8]
Event: 223.352 Thread 0x00007ffc70830800  384       3       org.eclipse.jdt.launching.internal.org.objectweb.asm.SymbolTable::addConstantMethodref (24 bytes)
Event: 223.352 Thread 0x00007ffc70830800 nmethod 384 0x000000010f2ce590 code [0x000000010f2ce760, 0x000000010f2ce988]

GC Heap History (0 events):
No events

Deoptimization events (0 events):
No events

Classes redefined (3 events):
Event: 176.457 Thread 0x00007ffc72058000 redefined class name=leetcode.MinDist2Type2Fingers, count=1
Event: 207.197 Thread 0x00007ffc72058000 redefined class name=leetcode.MinDist2Type2Fingers, count=2
Event: 223.355 Thread 0x00007ffc72058000 redefined class name=leetcode.MinDist2Type2Fingers, count=3

Internal exceptions (0 events):
No events

Events (10 events):
Event: 223.367 Executing VM operation: SetFramePop done
Event: 223.367 Executing VM operation: GetFrameLocation
Event: 223.367 Executing VM operation: GetFrameLocation done
Event: 223.367 Executing VM operation: GetCurrentLocation
Event: 223.367 Executing VM operation: GetCurrentLocation done
Event: 223.367 Executing VM operation: ChangeSingleStep
Event: 223.367 Executing VM operation: ChangeSingleStep done
Event: 223.367 Executing VM operation: GetFrameLocation
Event: 223.367 Executing VM operation: GetFrameLocation done
Event: 223.367 Executing VM operation: GetOrSetLocal


Dynamic libraries:
0x00007fff2cf95000 	/System/Library/Frameworks/Cocoa.framework/Versions/A/Cocoa
0x00007fff38cad000 	/System/Library/Frameworks/Security.framework/Versions/A/Security
0x00007fff2bc2a000 	/System/Library/Frameworks/ApplicationServices.framework/Versions/A/ApplicationServices
0x00007fff58d6f000 	/usr/lib/libz.1.dylib
0x00007fff566c9000 	/usr/lib/libSystem.B.dylib
0x00007fff2d77d000 	/System/Library/Frameworks/CoreFoundation.framework/Versions/A/CoreFoundation
0x00007fff2f9ff000 	/System/Library/Frameworks/Foundation.framework/Versions/C/Foundation
0x00007fff57f00000 	/usr/lib/libobjc.A.dylib
0x00007fff2ae23000 	/System/Library/Frameworks/AppKit.framework/Versions/C/AppKit
0x00007fff2d310000 	/System/Library/Frameworks/CoreData.framework/Versions/A/CoreData
0x00007fff5019c000 	/System/Library/PrivateFrameworks/RemoteViewServices.framework/Versions/A/RemoteViewServices
0x00007fff54409000 	/System/Library/PrivateFrameworks/UIFoundation.framework/Versions/A/UIFoundation
0x00007fff55aeb000 	/System/Library/PrivateFrameworks/XCTTargetBootstrap.framework/Versions/A/XCTTargetBootstrap
0x00007fff2d695000 	/System/Library/Frameworks/CoreDisplay.framework/Versions/A/CoreDisplay
0x00007fff4aef3000 	/System/Library/PrivateFrameworks/IconServices.framework/Versions/A/IconServices
0x00007fff32323000 	/System/Library/Frameworks/Metal.framework/Versions/A/Metal
0x00007fff4246e000 	/System/Library/PrivateFrameworks/DesktopServicesPriv.framework/Versions/A/DesktopServicesPriv
0x00007fff57263000 	/usr/lib/libenergytrace.dylib
0x00007fff528f2000 	/System/Library/PrivateFrameworks/SkyLight.framework/Versions/A/SkyLight
0x00007fff2dbc3000 	/System/Library/Frameworks/CoreGraphics.framework/Versions/A/CoreGraphics
0x00007fff29bef000 	/System/Library/Frameworks/Accelerate.framework/Versions/A/Accelerate
0x00007fff30147000 	/System/Library/Frameworks/IOSurface.framework/Versions/A/IOSurface
0x00007fff422da000 	/System/Library/PrivateFrameworks/DFRFoundation.framework/Versions/A/DFRFoundation
0x00007fff2c10d000 	/System/Library/Frameworks/AudioToolbox.framework/Versions/A/AudioToolbox
0x00007fff2c386000 	/System/Library/Frameworks/AudioUnit.framework/Versions/A/AudioUnit
0x00007fff4236f000 	/System/Library/PrivateFrameworks/DataDetectorsCore.framework/Versions/A/DataDetectorsCore
0x00007fff2ca99000 	/System/Library/Frameworks/Carbon.framework/Versions/A/Frameworks/HIToolbox.framework/Versions/A/HIToolbox
0x00007fff573bc000 	/usr/lib/libicucore.A.dylib
0x00007fff38222000 	/System/Library/Frameworks/QuartzCore.framework/Versions/A/QuartzCore
0x00007fff2ce6d000 	/System/Library/Frameworks/Carbon.framework/Versions/A/Frameworks/SpeechRecognition.framework/Versions/A/SpeechRecognition
0x00007fff5681d000 	/usr/lib/libauto.dylib
0x00007fff58c63000 	/usr/lib/libxml2.2.dylib
0x00007fff41eb7000 	/System/Library/PrivateFrameworks/CoreUI.framework/Versions/A/CoreUI
0x00007fff2d1fb000 	/System/Library/Frameworks/CoreAudio.framework/Versions/A/CoreAudio
0x00007fff2f834000 	/System/Library/Frameworks/DiskArbitration.framework/Versions/A/DiskArbitration
0x00007fff5766a000 	/usr/lib/liblangid.dylib
0x00007fff4c301000 	/System/Library/PrivateFrameworks/MultitouchSupport.framework/Versions/A/MultitouchSupport
0x00007fff300b6000 	/System/Library/Frameworks/IOKit.framework/Versions/A/IOKit
0x00007fff5628a000 	/usr/lib/libDiagnosticMessagesClient.dylib
0x00007fff2e9d2000 	/System/Library/Frameworks/CoreServices.framework/Versions/A/CoreServices
0x00007fff4dfa8000 	/System/Library/PrivateFrameworks/PerformanceAnalysis.framework/Versions/A/PerformanceAnalysis
0x00007fff37410000 	/System/Library/Frameworks/OpenGL.framework/Versions/A/OpenGL
0x00007fff2cfa3000 	/System/Library/Frameworks/ColorSync.framework/Versions/A/ColorSync
0x00007fff2e254000 	/System/Library/Frameworks/CoreImage.framework/Versions/A/CoreImage
0x00007fff2f3ab000 	/System/Library/Frameworks/CoreText.framework/Versions/A/CoreText
0x00007fff301aa000 	/System/Library/Frameworks/ImageIO.framework/Versions/A/ImageIO
0x00007fff3e50c000 	/System/Library/PrivateFrameworks/Backup.framework/Versions/A/Backup
0x00007fff56770000 	/usr/lib/libarchive.2.dylib
0x00007fff2c6de000 	/System/Library/Frameworks/CFNetwork.framework/Versions/A/CFNetwork
0x00007fff39407000 	/System/Library/Frameworks/SystemConfiguration.framework/Versions/A/SystemConfiguration
0x00007fff561bb000 	/usr/lib/libCRFSuite.dylib
0x00007fff5690c000 	/usr/lib/libc++.1.dylib
0x00007fff56960000 	/usr/lib/libc++abi.dylib
0x00007fff59565000 	/usr/lib/system/libcache.dylib
0x00007fff5956a000 	/usr/lib/system/libcommonCrypto.dylib
0x00007fff59575000 	/usr/lib/system/libcompiler_rt.dylib
0x00007fff5957d000 	/usr/lib/system/libcopyfile.dylib
0x00007fff59587000 	/usr/lib/system/libcorecrypto.dylib
0x00007fff59692000 	/usr/lib/system/libdispatch.dylib
0x00007fff596cc000 	/usr/lib/system/libdyld.dylib
0x00007fff596f9000 	/usr/lib/system/libkeymgr.dylib
0x00007fff59707000 	/usr/lib/system/liblaunch.dylib
0x00007fff59708000 	/usr/lib/system/libmacho.dylib
0x00007fff5970e000 	/usr/lib/system/libquarantine.dylib
0x00007fff59711000 	/usr/lib/system/libremovefile.dylib
0x00007fff59713000 	/usr/lib/system/libsystem_asl.dylib
0x00007fff5972b000 	/usr/lib/system/libsystem_blocks.dylib
0x00007fff5972c000 	/usr/lib/system/libsystem_c.dylib
0x00007fff597b4000 	/usr/lib/system/libsystem_configuration.dylib
0x00007fff597b8000 	/usr/lib/system/libsystem_coreservices.dylib
0x00007fff597bc000 	/usr/lib/system/libsystem_darwin.dylib
0x00007fff597c3000 	/usr/lib/system/libsystem_dnssd.dylib
0x00007fff597ca000 	/usr/lib/system/libsystem_info.dylib
0x00007fff5983f000 	/usr/lib/system/libsystem_m.dylib
0x00007fff5988b000 	/usr/lib/system/libsystem_malloc.dylib
0x00007fff598b6000 	/usr/lib/system/libsystem_networkextension.dylib
0x00007fff598c1000 	/usr/lib/system/libsystem_notify.dylib
0x00007fff598de000 	/usr/lib/system/libsystem_sandbox.dylib
0x00007fff598e2000 	/usr/lib/system/libsystem_secinit.dylib
0x00007fff59816000 	/usr/lib/system/libsystem_kernel.dylib
0x00007fff598c9000 	/usr/lib/system/libsystem_platform.dylib
0x00007fff598d3000 	/usr/lib/system/libsystem_pthread.dylib
0x00007fff598e5000 	/usr/lib/system/libsystem_symptoms.dylib
0x00007fff598ed000 	/usr/lib/system/libsystem_trace.dylib
0x00007fff59904000 	/usr/lib/system/libunwind.dylib
0x00007fff5990a000 	/usr/lib/system/libxpc.dylib
0x00007fff568ed000 	/usr/lib/libbsm.0.dylib
0x00007fff596fa000 	/usr/lib/system/libkxld.dylib
0x00007fff3d8fd000 	/System/Library/PrivateFrameworks/AppleFSCompression.framework/Versions/A/AppleFSCompression
0x00007fff56589000 	/usr/lib/libOpenScriptingUtil.dylib
0x00007fff56c15000 	/usr/lib/libcoretls.dylib
0x00007fff56c2c000 	/usr/lib/libcoretls_cfhelpers.dylib
0x00007fff58697000 	/usr/lib/libpam.2.dylib
0x00007fff58857000 	/usr/lib/libsqlite3.dylib
0x00007fff58c51000 	/usr/lib/libxar.1.dylib
0x00007fff568fe000 	/usr/lib/libbz2.1.0.dylib
0x00007fff5766c000 	/usr/lib/liblzma.5.dylib
0x00007fff57b1d000 	/usr/lib/libnetwork.dylib
0x00007fff56759000 	/usr/lib/libapple_nghttp2.dylib
0x00007fff5869e000 	/usr/lib/libpcap.A.dylib
0x00007fff2ed71000 	/System/Library/Frameworks/CoreServices.framework/Versions/A/Frameworks/FSEvents.framework/Versions/A/FSEvents
0x00007fff2ea50000 	/System/Library/Frameworks/CoreServices.framework/Versions/A/Frameworks/CarbonCore.framework/Versions/A/CarbonCore
0x00007fff2ef2d000 	/System/Library/Frameworks/CoreServices.framework/Versions/A/Frameworks/Metadata.framework/Versions/A/Metadata
0x00007fff2efcc000 	/System/Library/Frameworks/CoreServices.framework/Versions/A/Frameworks/OSServices.framework/Versions/A/OSServices
0x00007fff2f017000 	/System/Library/Frameworks/CoreServices.framework/Versions/A/Frameworks/SearchKit.framework/Versions/A/SearchKit
0x00007fff2e9d3000 	/System/Library/Frameworks/CoreServices.framework/Versions/A/Frameworks/AE.framework/Versions/A/AE
0x00007fff2ed7a000 	/System/Library/Frameworks/CoreServices.framework/Versions/A/Frameworks/LaunchServices.framework/Versions/A/LaunchServices
0x00007fff2ed28000 	/System/Library/Frameworks/CoreServices.framework/Versions/A/Frameworks/DictionaryServices.framework/Versions/A/DictionaryServices
0x00007fff2f07f000 	/System/Library/Frameworks/CoreServices.framework/Versions/A/Frameworks/SharedFileList.framework/Versions/A/SharedFileList
0x00007fff333eb000 	/System/Library/Frameworks/NetFS.framework/Versions/A/NetFS
0x00007fff4c567000 	/System/Library/PrivateFrameworks/NetAuth.framework/Versions/A/NetAuth
0x00007fff55eef000 	/System/Library/PrivateFrameworks/login.framework/Versions/A/Frameworks/loginsupport.framework/Versions/A/loginsupport
0x00007fff54012000 	/System/Library/PrivateFrameworks/TCC.framework/Versions/A/TCC
0x00007fff41514000 	/System/Library/PrivateFrameworks/CoreNLP.framework/Versions/A/CoreNLP
0x00007fff4bffa000 	/System/Library/PrivateFrameworks/MetadataUtilities.framework/Versions/A/MetadataUtilities
0x00007fff57741000 	/usr/lib/libmecabra.dylib
0x00007fff2bc2b000 	/System/Library/Frameworks/ApplicationServices.framework/Versions/A/Frameworks/ATS.framework/Versions/A/ATS
0x00007fff2bf7a000 	/System/Library/Frameworks/ApplicationServices.framework/Versions/A/Frameworks/ColorSyncLegacy.framework/Versions/A/ColorSyncLegacy
0x00007fff2c019000 	/System/Library/Frameworks/ApplicationServices.framework/Versions/A/Frameworks/HIServices.framework/Versions/A/HIServices
0x00007fff2c06c000 	/System/Library/Frameworks/ApplicationServices.framework/Versions/A/Frameworks/LangAnalysis.framework/Versions/A/LangAnalysis
0x00007fff2c07c000 	/System/Library/Frameworks/ApplicationServices.framework/Versions/A/Frameworks/PrintCore.framework/Versions/A/PrintCore
0x00007fff2c0c6000 	/System/Library/Frameworks/ApplicationServices.framework/Versions/A/Frameworks/QD.framework/Versions/A/QD
0x00007fff2c100000 	/System/Library/Frameworks/ApplicationServices.framework/Versions/A/Frameworks/SpeechSynthesis.framework/Versions/A/SpeechSynthesis
0x00007fff56988000 	/usr/lib/libcompression.dylib
0x00007fff325f3000 	/System/Library/Frameworks/MetalPerformanceShaders.framework/Versions/A/MetalPerformanceShaders
0x00007fff29c07000 	/System/Library/Frameworks/Accelerate.framework/Versions/A/Frameworks/vImage.framework/Versions/A/vImage
0x00007fff2ac81000 	/System/Library/Frameworks/Accelerate.framework/Versions/A/Frameworks/vecLib.framework/Versions/A/vecLib
0x00007fff2abcd000 	/System/Library/Frameworks/Accelerate.framework/Versions/A/Frameworks/vecLib.framework/Versions/A/libvMisc.dylib
0x00007fff2a9e5000 	/System/Library/Frameworks/Accelerate.framework/Versions/A/Frameworks/vecLib.framework/Versions/A/libvDSP.dylib
0x00007fff2a2a1000 	/System/Library/Frameworks/Accelerate.framework/Versions/A/Frameworks/vecLib.framework/Versions/A/libBLAS.dylib
0x00007fff2a58e000 	/System/Library/Frameworks/Accelerate.framework/Versions/A/Frameworks/vecLib.framework/Versions/A/libLAPACK.dylib
0x00007fff2a938000 	/System/Library/Frameworks/Accelerate.framework/Versions/A/Frameworks/vecLib.framework/Versions/A/libLinearAlgebra.dylib
0x00007fff2a9d1000 	/System/Library/Frameworks/Accelerate.framework/Versions/A/Frameworks/vecLib.framework/Versions/A/libSparseBLAS.dylib
0x00007fff2a94e000 	/System/Library/Frameworks/Accelerate.framework/Versions/A/Frameworks/vecLib.framework/Versions/A/libQuadrature.dylib
0x00007fff2a51b000 	/System/Library/Frameworks/Accelerate.framework/Versions/A/Frameworks/vecLib.framework/Versions/A/libBNNS.dylib
0x00007fff2a954000 	/System/Library/Frameworks/Accelerate.framework/Versions/A/Frameworks/vecLib.framework/Versions/A/libSparse.dylib
0x00007fff48856000 	/System/Library/PrivateFrameworks/GPUWrangler.framework/Versions/A/GPUWrangler
0x00007fff4ab28000 	/System/Library/PrivateFrameworks/IOAccelerator.framework/Versions/A/IOAccelerator
0x00007fff4ab33000 	/System/Library/PrivateFrameworks/IOPresentment.framework/Versions/A/IOPresentment
0x00007fff422ea000 	/System/Library/PrivateFrameworks/DSExternalDisplay.framework/Versions/A/DSExternalDisplay
0x00007fff36867000 	/System/Library/Frameworks/OpenGL.framework/Versions/A/Libraries/libCoreFSCache.dylib
0x00007fff323e7000 	/System/Library/Frameworks/MetalPerformanceShaders.framework/Frameworks/MPSCore.framework/Versions/A/MPSCore
0x00007fff32407000 	/System/Library/Frameworks/MetalPerformanceShaders.framework/Frameworks/MPSImage.framework/Versions/A/MPSImage
0x00007fff324ac000 	/System/Library/Frameworks/MetalPerformanceShaders.framework/Frameworks/MPSNeuralNetwork.framework/Versions/A/MPSNeuralNetwork
0x00007fff32484000 	/System/Library/Frameworks/MetalPerformanceShaders.framework/Frameworks/MPSMatrix.framework/Versions/A/MPSMatrix
0x00007fff325d8000 	/System/Library/Frameworks/MetalPerformanceShaders.framework/Frameworks/MPSRayIntersector.framework/Versions/A/MPSRayIntersector
0x00007fff4c023000 	/System/Library/PrivateFrameworks/MetalTools.framework/Versions/A/MetalTools
0x00007fff3d1aa000 	/System/Library/PrivateFrameworks/AggregateDictionary.framework/Versions/A/AggregateDictionary
0x00007fff5656a000 	/usr/lib/libMobileGestalt.dylib
0x00007fff2f50e000 	/System/Library/Frameworks/CoreVideo.framework/Versions/A/CoreVideo
0x00007fff49666000 	/System/Library/PrivateFrameworks/GraphVisualizer.framework/Versions/A/GraphVisualizer
0x00007fff434e6000 	/System/Library/PrivateFrameworks/FaceCore.framework/Versions/A/FaceCore
0x00007fff35e95000 	/System/Library/Frameworks/OpenCL.framework/Versions/A/OpenCL
0x00007fff562c2000 	/usr/lib/libFosl_dynamic.dylib
0x00007fff4cdd2000 	/System/Library/PrivateFrameworks/OTSVG.framework/Versions/A/OTSVG
0x00007fff2bd2f000 	/System/Library/Frameworks/ApplicationServices.framework/Versions/A/Frameworks/ATS.framework/Versions/A/Resources/libFontParser.dylib
0x00007fff2be47000 	/System/Library/Frameworks/ApplicationServices.framework/Versions/A/Frameworks/ATS.framework/Versions/A/Resources/libFontRegistry.dylib
0x00007fff30418000 	/System/Library/Frameworks/ImageIO.framework/Versions/A/Resources/libJPEG.dylib
0x00007fff3072a000 	/System/Library/Frameworks/ImageIO.framework/Versions/A/Resources/libTIFF.dylib
0x00007fff30700000 	/System/Library/Frameworks/ImageIO.framework/Versions/A/Resources/libPng.dylib
0x00007fff30336000 	/System/Library/Frameworks/ImageIO.framework/Versions/A/Resources/libGIF.dylib
0x00007fff3033b000 	/System/Library/Frameworks/ImageIO.framework/Versions/A/Resources/libJP2.dylib
0x00007fff30727000 	/System/Library/Frameworks/ImageIO.framework/Versions/A/Resources/libRadiance.dylib
0x00007fff3da54000 	/System/Library/PrivateFrameworks/AppleJPEG.framework/Versions/A/AppleJPEG
0x00007fff36872000 	/System/Library/Frameworks/OpenGL.framework/Versions/A/Libraries/libGFXShared.dylib
0x00007fff36a35000 	/System/Library/Frameworks/OpenGL.framework/Versions/A/Libraries/libGLU.dylib
0x00007fff3687b000 	/System/Library/Frameworks/OpenGL.framework/Versions/A/Libraries/libGL.dylib
0x00007fff36887000 	/System/Library/Frameworks/OpenGL.framework/Versions/A/Libraries/libGLImage.dylib
0x00007fff36864000 	/System/Library/Frameworks/OpenGL.framework/Versions/A/Libraries/libCVMSPluginSupport.dylib
0x00007fff3686d000 	/System/Library/Frameworks/OpenGL.framework/Versions/A/Libraries/libCoreVMClient.dylib
0x00007fff570d9000 	/usr/lib/libcups.2.dylib
0x00007fff318ee000 	/System/Library/Frameworks/Kerberos.framework/Versions/A/Kerberos
0x00007fff2fe1b000 	/System/Library/Frameworks/GSS.framework/Versions/A/GSS
0x00007fff587ec000 	/usr/lib/libresolv.9.dylib
0x00007fff572cb000 	/usr/lib/libiconv.2.dylib
0x00007fff497c5000 	/System/Library/PrivateFrameworks/Heimdal.framework/Versions/A/Heimdal
0x00007fff5729b000 	/usr/lib/libheimdal-asn1.dylib
0x00007fff35f09000 	/System/Library/Frameworks/OpenDirectory.framework/Versions/A/OpenDirectory
0x00007fff40279000 	/System/Library/PrivateFrameworks/CommonAuth.framework/Versions/A/CommonAuth
0x00007fff35eed000 	/System/Library/Frameworks/OpenDirectory.framework/Versions/A/Frameworks/CFOpenDirectory.framework/Versions/A/CFOpenDirectory
0x00007fff38fad000 	/System/Library/Frameworks/SecurityFoundation.framework/Versions/A/SecurityFoundation
0x00007fff3c6f3000 	/System/Library/PrivateFrameworks/APFS.framework/Versions/A/APFS
0x00007fff58c4d000 	/usr/lib/libutil.dylib
0x00007fff56976000 	/usr/lib/libcharset.1.dylib
0x00007fff3dcf1000 	/System/Library/PrivateFrameworks/AppleSauce.framework/Versions/A/AppleSauce
0x00007fff3de72000 	/System/Library/PrivateFrameworks/AssertionServices.framework/Versions/A/AssertionServices
0x00007fff3e5a2000 	/System/Library/PrivateFrameworks/BaseBoard.framework/Versions/A/BaseBoard
0x00007fff5769c000 	/usr/lib/libmecab.1.0.0.dylib
0x00007fff57295000 	/usr/lib/libgermantok.dylib
0x00007fff56746000 	/usr/lib/libThaiTokenizer.dylib
0x00007fff561f2000 	/usr/lib/libChineseTokenizer.dylib
0x00007fff4b1e1000 	/System/Library/PrivateFrameworks/LanguageModeling.framework/Versions/A/LanguageModeling
0x00007fff40f5a000 	/System/Library/PrivateFrameworks/CoreEmoji.framework/Versions/A/CoreEmoji
0x00007fff4b2bd000 	/System/Library/PrivateFrameworks/Lexicon.framework/Versions/A/Lexicon
0x00007fff4b300000 	/System/Library/PrivateFrameworks/LinguisticData.framework/Versions/A/LinguisticData
0x00007fff56977000 	/usr/lib/libcmph.dylib
0x00007fff3906b000 	/System/Library/Frameworks/ServiceManagement.framework/Versions/A/ServiceManagement
0x00007fff3e503000 	/System/Library/PrivateFrameworks/BackgroundTaskManagement.framework/Versions/A/BackgroundTaskManagement
0x00007fff58d46000 	/usr/lib/libxslt.1.dylib
0x00007fff2cd9a000 	/System/Library/Frameworks/Carbon.framework/Versions/A/Frameworks/Ink.framework/Versions/A/Ink
0x00007fff54284000 	/System/Library/PrivateFrameworks/TextureIO.framework/Versions/A/TextureIO
0x00007fff5679a000 	/usr/lib/libate.dylib
0x00007fff42239000 	/System/Library/PrivateFrameworks/CrashReporterSupport.framework/Versions/A/CrashReporterSupport
0x00007fff519c3000 	/System/Library/PrivateFrameworks/Sharing.framework/Versions/A/Sharing
0x00007fff3e255000 	/System/Library/PrivateFrameworks/AuthKit.framework/Versions/A/AuthKit
0x00007fff3d7a9000 	/System/Library/PrivateFrameworks/Apple80211.framework/Versions/A/Apple80211
0x00007fff41fe3000 	/System/Library/PrivateFrameworks/CoreUtils.framework/Versions/A/CoreUtils
0x00007fff2f54e000 	/System/Library/Frameworks/CoreWLAN.framework/Versions/A/CoreWLAN
0x00007fff2ff4a000 	/System/Library/Frameworks/IOBluetooth.framework/Versions/A/IOBluetooth
0x00007fff4fe47000 	/System/Library/PrivateFrameworks/ProtocolBuffer.framework/Versions/A/ProtocolBuffer
0x00007fff4c25d000 	/System/Library/PrivateFrameworks/MobileKeyBag.framework/Versions/A/MobileKeyBag
0x00007fff41827000 	/System/Library/PrivateFrameworks/CorePhoneNumbers.framework/Versions/A/CorePhoneNumbers
0x00007fff3da08000 	/System/Library/PrivateFrameworks/AppleIDAuthSupport.framework/Versions/A/AppleIDAuthSupport
0x00007fff4b1b4000 	/System/Library/PrivateFrameworks/KeychainCircle.framework/Versions/A/KeychainCircle
0x00007fff4fffd000 	/System/Library/PrivateFrameworks/ROCKit.framework/Versions/A/ROCKit
0x00007fff421d5000 	/System/Library/PrivateFrameworks/CoreWiFi.framework/Versions/A/CoreWiFi
0x00007fff2d2e5000 	/System/Library/Frameworks/CoreBluetooth.framework/Versions/A/CoreBluetooth
0x00007fff42430000 	/System/Library/PrivateFrameworks/DebugSymbols.framework/Versions/A/DebugSymbols
0x00007fff41da3000 	/System/Library/PrivateFrameworks/CoreSymbolication.framework/Versions/A/CoreSymbolication
0x00007fff53a9f000 	/System/Library/PrivateFrameworks/Symbolication.framework/Versions/A/Symbolication
0x00007fff53342000 	/System/Library/PrivateFrameworks/SpeechRecognitionCore.framework/Versions/A/SpeechRecognitionCore
0x0000000100a85000 	/Library/Java/JavaVirtualMachines/jdk-11.0.1.jdk/Contents/Home/lib/server/libjvm.dylib
0x0000000101803000 	/Library/Java/JavaVirtualMachines/jdk-11.0.1.jdk/Contents/Home/lib/libverify.dylib
0x000000010180f000 	/Library/Java/JavaVirtualMachines/jdk-11.0.1.jdk/Contents/Home/lib/libjava.dylib
0x0000000101855000 	/Library/Java/JavaVirtualMachines/jdk-11.0.1.jdk/Contents/Home/lib/libjdwp.dylib
0x000000010188d000 	/Library/Java/JavaVirtualMachines/jdk-11.0.1.jdk/Contents/Home/lib/libinstrument.dylib
0x0000000101925000 	/Library/Java/JavaVirtualMachines/jdk-11.0.1.jdk/Contents/Home/lib/libzip.dylib
0x000000010192d000 	/Library/Java/JavaVirtualMachines/jdk-11.0.1.jdk/Contents/Home/lib/libjimage.dylib
0x000000010e479000 	/Library/Java/JavaVirtualMachines/jdk-11.0.1.jdk/Contents/Home/lib/libdt_socket.dylib
0x000000010e3ca000 	/Library/Java/JavaVirtualMachines/jdk-11.0.1.jdk/Contents/Home/lib/libnio.dylib
0x000000010e3fa000 	/Library/Java/JavaVirtualMachines/jdk-11.0.1.jdk/Contents/Home/lib/./libnet.dylib


VM Arguments:
jvm_args: -agentlib:jdwp=transport=dt_socket,suspend=y,address=localhost:58867 -javaagent:/Users/komal/eclipse/java-2018-12/Eclipse.app/Contents/Eclipse/configuration/org.eclipse.osgi/215/0/.cp/lib/javaagent-shaded.jar -Dfile.encoding=UTF-8 
java_command: leetcode.MinDist2Type2Fingers
java_class_path (initial): /Users/komal/eclipse-workspace/DCT-Practice/bin
Launcher Type: SUN_STANDARD

[Global flags]
     intx CICompilerCount                          = 3                                         {product} {ergonomic}
     uint ConcGCThreads                            = 1                                         {product} {ergonomic}
     uint G1ConcRefinementThreads                  = 4                                         {product} {ergonomic}
   size_t G1HeapRegionSize                         = 1048576                                   {product} {ergonomic}
    uintx GCDrainStackTargetSize                   = 64                                        {product} {ergonomic}
   size_t InitialHeapSize                          = 134217728                                 {product} {ergonomic}
   size_t MarkStackSize                            = 4194304                                   {product} {ergonomic}
   size_t MaxHeapSize                              = 2147483648                                {product} {ergonomic}
   size_t MaxNewSize                               = 1287651328                                {product} {ergonomic}
   size_t MinHeapDeltaBytes                        = 1048576                                   {product} {ergonomic}
    uintx NonNMethodCodeHeapSize                   = 5830092                                {pd product} {ergonomic}
    uintx NonProfiledCodeHeapSize                  = 122914074                              {pd product} {ergonomic}
    uintx ProfiledCodeHeapSize                     = 122914074                              {pd product} {ergonomic}
    uintx ReservedCodeCacheSize                    = 251658240                              {pd product} {ergonomic}
     bool SegmentedCodeCache                       = true                                      {product} {ergonomic}
     bool UseCompressedClassPointers               = true                                 {lp64_product} {ergonomic}
     bool UseCompressedOops                        = true                                 {lp64_product} {ergonomic}
     bool UseG1GC                                  = true                                      {product} {ergonomic}

Logging:
Log output configuration:
 #0: stdout all=warning uptime,level,tags
 #1: stderr all=off uptime,level,tags

Environment Variables:
PATH=/usr/bin:/bin:/usr/sbin:/sbin
SHELL=/bin/bash

Signal Handlers:
SIGSEGV: [libjvm.dylib+0x7525b4], sa_mask[0]=11111111011111110111111111111111, sa_flags=SA_ONSTACK|SA_RESTART|SA_SIGINFO
SIGBUS: [libjvm.dylib+0x7525b4], sa_mask[0]=11111111011111110111111111111111, sa_flags=SA_RESTART|SA_SIGINFO
SIGFPE: [libjvm.dylib+0x7525b4], sa_mask[0]=11111111011111110111111111111111, sa_flags=SA_RESTART|SA_SIGINFO
SIGPIPE: [libjvm.dylib+0x602b72], sa_mask[0]=11111111011111110111111111111111, sa_flags=SA_RESTART|SA_SIGINFO
SIGXFSZ: [libjvm.dylib+0x602b72], sa_mask[0]=11111111011111110111111111111111, sa_flags=SA_RESTART|SA_SIGINFO
SIGILL: [libjvm.dylib+0x7525b4], sa_mask[0]=11111111011111110111111111111111, sa_flags=SA_RESTART|SA_SIGINFO
SIGUSR2: [libjvm.dylib+0x603157], sa_mask[0]=00100000000000000000000000000000, sa_flags=SA_RESTART|SA_SIGINFO
SIGHUP: [libjvm.dylib+0x601bb3], sa_mask[0]=11111111011111110111111111111111, sa_flags=SA_RESTART|SA_SIGINFO
SIGINT: [libjvm.dylib+0x601bb3], sa_mask[0]=11111111011111110111111111111111, sa_flags=SA_RESTART|SA_SIGINFO
SIGTERM: [libjvm.dylib+0x601bb3], sa_mask[0]=11111111011111110111111111111111, sa_flags=SA_RESTART|SA_SIGINFO
SIGQUIT: [libjvm.dylib+0x601bb3], sa_mask[0]=11111111011111110111111111111111, sa_flags=SA_RESTART|SA_SIGINFO


---------------  S Y S T E M  ---------------

OS:uname:Darwin 18.6.0 Darwin Kernel Version 18.6.0: Thu Apr 25 23:16:27 PDT 2019; root:xnu-4903.261.4~2/RELEASE_X86_64 x86_64
rlimit: STACK 8192k, CORE 0k, NPROC 709, NOFILE 10240, AS infinity, DATA infinity, FSIZE infinity
load average:1.92 2.31 2.62

CPU:total 4 (initial active 4) (2 cores per cpu, 2 threads per core) family 6 model 142 stepping 9, cmov, cx8, fxsr, mmx, sse, sse2, sse3, ssse3, sse4.1, sse4.2, popcnt, avx, avx2, aes, clmul, erms, 3dnowpref, lzcnt, ht, tsc, tscinvbit, bmi1, bmi2, adx, fma

Memory: 4k page, physical 8388608k(278668k free)

vm_info: Java HotSpot(TM) 64-Bit Server VM (11.0.1+13-LTS) for bsd-amd64 JRE (11.0.1+13-LTS), built on Oct  6 2018 12:16:08 by "mach5one" with gcc 4.2.1 Compatible Apple LLVM 9.1.0 (clang-902.0.39.2)

END.
